C:\USERS\FELIPEFERNANDES\DOCUMENTS\PROJETOS\KRUSKAL\PROJETOED2\X64\DEBUG\GRAFO.OBJ
C:\USERS\FELIPEFERNANDES\DOCUMENTS\PROJETOS\KRUSKAL\PROJETOED2\X64\DEBUG\MAIN.OBJ
C:\USERS\FELIPEFERNANDES\DOCUMENTS\PROJETOS\KRUSKAL\PROJETOED2\X64\DEBUG\VC110.PDB
C:\USERS\FELIPEFERNANDES\DOCUMENTS\PROJETOS\KRUSKAL\X64\DEBUG\PROJETOED2.ILK
C:\USERS\FELIPEFERNANDES\DOCUMENTS\PROJETOS\KRUSKAL\X64\DEBUG\PROJETOED2.EXE
C:\Users\felipefernandes\Documents\Projetos\kruskal\ProjetoED2\x64\Debug\Grafo.obj
C:\Users\felipefernandes\Documents\Projetos\kruskal\ProjetoED2\x64\Debug\Main.obj
C:\Users\felipefernandes\Documents\Projetos\kruskal\ProjetoED2\x64\Debug\cl.command.1.tlog
C:\Users\felipefernandes\Documents\Projetos\kruskal\ProjetoED2\x64\Debug\CL.read.1.tlog
C:\Users\felipefernandes\Documents\Projetos\kruskal\ProjetoED2\x64\Debug\CL.write.1.tlog
C:\Users\felipefernandes\Documents\Projetos\kruskal\ProjetoED2\x64\Debug\link-cvtres.read.1.tlog
C:\Users\felipefernandes\Documents\Projetos\kruskal\ProjetoED2\x64\Debug\link-cvtres.write.1.tlog
C:\Users\felipefernandes\Documents\Projetos\kruskal\ProjetoED2\x64\Debug\link-rc.read.1.tlog
C:\Users\felipefernandes\Documents\Projetos\kruskal\ProjetoED2\x64\Debug\link-rc.write.1.tlog
C:\Users\felipefernandes\Documents\Projetos\kruskal\ProjetoED2\x64\Debug\link.command.1.tlog
C:\Users\felipefernandes\Documents\Projetos\kruskal\ProjetoED2\x64\Debug\link.read.1.tlog
C:\Users\felipefernandes\Documents\Projetos\kruskal\ProjetoED2\x64\Debug\link.write.1.tlog
C:\Users\felipefernandes\Documents\Projetos\kruskal\ProjetoED2\x64\Debug\vc110.idb
C:\Users\felipefernandes\Documents\Projetos\kruskal\ProjetoED2\x64\Debug\vc140.idb
C:\Users\felipefernandes\Documents\Projetos\kruskal\ProjetoED2\x64\Debug\vc110.pdb
C:\Users\felipefernandes\Documents\Projetos\kruskal\ProjetoED2\x64\Debug\vc140.pdb
C:\Users\felipefernandes\Documents\Projetos\kruskal\x64\Debug\ProjetoED2.pdb
C:\Users\felipefernandes\Documents\Projetos\kruskal\x64\Debug\ProjetoED2.exe
C:\Users\felipefernandes\Documents\Projetos\kruskal\x64\Debug\ProjetoED2.ilk
